<?xml version="1.0" encoding="UTF-8"?>
<!-- Generated by org.testng.reporters.JUnitReportReporter -->
<testsuite skipped="0" hostname="DESKTOP-U8C4O66" name="ImportTestSuite" tests="2" failures="0" timestamp="2020-06-06T12:22:40 PKT" time="24.120" errors="0">
  <testcase name="importCsvTestSuite" time="10.617" classname="ImportTestSuite"/>
  <testcase name="dismissImprtCvsTestSuite" time="13.503" classname="ImportTestSuite"/>
</testsuite> <!-- ImportTestSuite -->
