<?xml version="1.0" encoding="UTF-8"?>
<!-- Generated by org.testng.reporters.JUnitReportReporter -->
<testsuite skipped="0" hostname="DESKTOP-U8C4O66" name="DismissAddEntryTestSuite" tests="1" failures="0" timestamp="2020-06-06T12:22:40 PKT" time="6.267" errors="0">
  <testcase name="dismissAddEntryTestSuite" time="6.267" classname="DismissAddEntryTestSuite"/>
</testsuite> <!-- DismissAddEntryTestSuite -->
