<?xml version="1.0" encoding="UTF-8"?>
<!-- Generated by org.testng.reporters.JUnitReportReporter -->
<testsuite skipped="0" hostname="DESKTOP-U8C4O66" name="AddEntryTestSuite" tests="3" failures="0" timestamp="2020-06-06T12:22:40 PKT" time="17.130" errors="0">
  <testcase name="addEntryTestSuite" time="6.004" classname="AddEntryTestSuite"/>
  <testcase name="addEntryAutoPasswordTestSuite" time="5.724" classname="AddEntryTestSuite"/>
  <testcase name="addEntryEmptyAccountTestSuite" time="5.402" classname="AddEntryTestSuite"/>
</testsuite> <!-- AddEntryTestSuite -->
