<?xml version="1.0" encoding="UTF-8"?>
<!-- Generated by org.testng.reporters.JUnitReportReporter -->
<testsuite skipped="0" hostname="DESKTOP-U8C4O66" name="SignupTestSuite" tests="6" failures="0" timestamp="2020-06-06T12:22:40 PKT" time="33.681" errors="0">
  <testcase name="signUpTestSuite" time="6.635" classname="SignupTestSuite"/>
  <testcase name="signUpEmptyUserNameTestSuite" time="5.857" classname="SignupTestSuite"/>
  <testcase name="signUpEmptyPasswordTestSuite" time="5.144" classname="SignupTestSuite"/>
  <testcase name="signUpEmptyConfirmPasswordTestSuite" time="5.003" classname="SignupTestSuite"/>
  <testcase name="signUpEmptyEmailTestSuite" time="5.414" classname="SignupTestSuite"/>
  <testcase name="signUpWrongPasswordTestSuite" time="5.628" classname="SignupTestSuite"/>
</testsuite> <!-- SignupTestSuite -->
