<?xml version="1.0" encoding="UTF-8"?>
<!-- Generated by org.testng.reporters.JUnitReportReporter -->
<testsuite skipped="0" hostname="DESKTOP-U8C4O66" name="ExportCsvTestSuite" tests="1" failures="0" timestamp="2020-06-06T12:22:40 PKT" time="0.583" errors="0">
  <testcase name="exportCsvTestSuite" time="0.583" classname="ExportCsvTestSuite"/>
</testsuite> <!-- ExportCsvTestSuite -->
