<?xml version="1.0" encoding="UTF-8"?>
<!-- Generated by org.testng.reporters.JUnitReportReporter -->
<testsuite skipped="0" hostname="DESKTOP-U8C4O66" name="ViewEntryDetailTestSuite" tests="1" failures="0" timestamp="2020-06-06T12:22:40 PKT" time="4.128" errors="0">
  <testcase name="viewEntryDetailTestSuite" time="4.128" classname="ViewEntryDetailTestSuite"/>
</testsuite> <!-- ViewEntryDetailTestSuite -->
