<?xml version="1.0" encoding="UTF-8"?>
<!-- Generated by org.testng.reporters.JUnitReportReporter -->
<testsuite skipped="0" hostname="DESKTOP-U8C4O66" name="LoginTestSuite" tests="4" failures="0" timestamp="2020-06-06T12:22:40 PKT" time="21.470" errors="0">
  <testcase name="loginTestSuite" time="5.308" classname="LoginTestSuite"/>
  <testcase name="loginNegativeUsernameTestSuite" time="7.125" classname="LoginTestSuite"/>
  <testcase name="loginNegativePasswordTestSuite" time="4.635" classname="LoginTestSuite"/>
  <testcase name="loginEmptyFieldsTestSuite" time="4.402" classname="LoginTestSuite"/>
</testsuite> <!-- LoginTestSuite -->
