<?xml version="1.0" encoding="UTF-8"?>
<!-- Generated by org.testng.reporters.JUnitReportReporter -->
<testsuite skipped="0" hostname="DESKTOP-U8C4O66" name="EditEntryTestSuite" tests="2" failures="0" timestamp="2020-06-06T12:22:40 PKT" time="19.476" errors="0">
  <testcase name="editEntryTestSuite" time="12.424" classname="EditEntryTestSuite"/>
  <testcase name="dismissEditEntryTestSuite" time="7.052" classname="EditEntryTestSuite"/>
</testsuite> <!-- EditEntryTestSuite -->
